        pH    pKa/Em  n(slope) 1000*chi2    offset      tors       v_s       v_b       v_r      dsol       e_b       e_r     total
ARG+A0002_    12.225     0.743     0.131      0.00      0.00     -0.05     -0.00     -0.01     -0.09      0.16      0.27      0.28
LYS+A0004_     9.949     0.947     0.023      0.00      0.00     -0.03     -0.00     -0.00     -0.05      0.14      0.40      0.45
LYS+A0006_     8.052     0.761     0.064      0.00      0.00     -0.05     -0.01     -0.01      0.18     -0.01      2.25      2.35
ARG+A0007_    12.575     0.682     0.424      0.00      0.00     -0.05     -0.01     -0.01     -0.30      0.04      0.25     -0.08
ARG+A0010_    12.984     0.697     0.441      0.00      0.00     -0.06     -0.01     -0.01     -0.05     -0.52      0.14     -0.51
LYS+A0012_     9.798     0.646     0.911      0.00      0.00     -0.03     -0.00     -0.00      0.04      0.14      0.46      0.60
LYS+A0018_     8.358     0.627     3.004      0.00      0.00     -0.03     -0.00     -0.01      0.15      0.02      1.95      2.08
LYS+A0020_     8.527     0.741     0.241      0.00      0.00     -0.03     -0.01      0.04      0.50      0.10      1.27      1.87
ASP-A0022_     2.962     0.939     0.052      0.00     -0.13      0.01      0.07      0.04      2.10     -1.98     -1.88     -1.78
HIS+A0026_     6.997     0.986     0.014      0.00      0.00     -0.01     -0.00     -0.01      0.22     -0.19     -0.03     -0.02
LYS+A0027_    11.076     0.880     0.114      0.00      0.00     -0.03     -0.00     -0.00     -0.21      0.04     -0.48     -0.68
ARG+A0031_    12.076     0.792     1.363      0.00      0.00     -0.05     -0.01     -0.03      0.57     -0.02     -0.07      0.40
LYS+A0033_     9.597     0.737     0.237      0.00      0.00     -0.03     -0.00     -0.00     -0.05      0.05      0.84      0.81
LYS+A0035_     9.747     0.666     0.554      0.00      0.00     -0.03     -0.00     -0.00     -0.06      0.11      0.63      0.65
ASP-A0037_     <0.0                           0.00     -1.94     -0.01      0.06     -0.45      3.66     -2.38     -5.92     -6.98
ARG+A0040_    13.357     0.840     0.042      0.00      0.00     -0.04     -0.00     -0.00      0.20      0.18     -1.20     -0.87
LYS+A0042_     9.526     0.678     0.824      0.00      0.00     -0.03     -0.00     -0.01      0.09      0.19      0.66      0.89
LYS+A0046_    11.290     0.711     0.715      0.00      0.00     -0.03     -0.01      0.29      1.62      0.54     -3.32     -0.91
CYS-A0049_     >14.0                          0.00      0.00      0.00      0.07     -0.26      8.81     -2.78      4.97     10.80
LYS+A0053_    11.003     0.742     0.449      0.00      0.00     -0.03     -0.00     -0.01      0.00     -0.04     -0.54     -0.62
TYR-A0067_     >14.0                          0.00      0.00      0.00      0.00      0.00      5.77     -1.41      5.18      9.54
CYS-A0071_     >14.0                          0.00      0.00      0.00      0.07      0.14     10.00     -3.58      1.50      8.13
ARG+A0074_    12.823     0.739     0.027      0.00     -0.00     -0.06     -0.02     -0.00      0.14     -0.35     -0.03     -0.32
TYR-A0075_     >14.0                          0.00      0.00      0.00      0.00      0.00      7.50     -1.72      7.08     12.86
LYS+A0077_     9.325     0.820     0.061      0.00      0.00     -0.03     -0.00      0.00     -0.03      0.12      1.01      1.07
HIS+A0078_     2.353     0.926     0.049      0.00      0.00     -0.03     -0.05     -0.03      0.47      1.55      2.70      4.62
LYS+A0080_     6.891     0.861     1.300      0.00      0.00     -0.05     -0.02     -0.01      1.00      0.04      2.57      3.52
ARG+A0081_    10.663     0.773     0.093      0.00     -0.00     -0.07     -0.04     -0.01      1.12      0.02      0.81      1.83
HIS+A0082_     <0.0                           0.00      0.00     -0.03     -0.13     -0.04      1.70      3.41      4.24      9.13
ASP-A0083_     <0.0                           0.00     -1.10     -0.04     -0.34     -1.06      6.20     -3.46    -10.91    -10.71
LYS+A0086_     >14.0                          0.00      0.00     -0.05      0.08     -0.13      5.86     -2.42     -9.29     -5.95
ASP-A0093_     3.688     1.012     0.002      0.00     -0.07     -0.02     -0.02      0.01      0.13     -0.20     -0.89     -1.06
GLU-A0098_     0.897     0.952     0.015      0.00     -0.02     -0.20      0.03     -0.10      0.05     -0.04     -3.56     -3.85
ARG+A0099_    11.064     0.447     2.213      0.00      0.00     -0.05     -0.05     -0.06      5.11      1.12     -4.70      1.37
LYS+A0104_     9.208     0.654     1.382      0.00      0.00     -0.03     -0.00     -0.01     -0.01      0.19      1.08      1.22
LYS+A0105_     9.980     0.708     0.137      0.00      0.00     -0.03     -0.00     -0.00     -0.03      0.14      0.35      0.42
ASP-A0106_     0.158     0.933     0.050      0.00     -1.79     -0.06      0.10      0.09      6.71     -6.74     -2.92     -4.60
LYS+A0108_    10.368     0.690     0.169      0.00      0.00     -0.03     -0.00     -0.01      0.18      0.05     -0.16      0.03
TYR-A0109_     >14.0                          0.00      0.00      0.00      0.00      0.00      9.14     -4.67      5.91     10.37
LYS+A0110_     8.961     0.696     1.506      0.00      0.00     -0.03     -0.01      0.15      1.46     -0.03     -0.05      1.48
ARG+A0112_    12.987     0.807     0.052      0.00      0.00     -0.05     -0.01     -0.03      0.18     -0.03     -0.56     -0.49
GLU-A0114_     <0.0                           0.00     -0.01     -0.21      0.03     -0.22      0.79      0.01     -5.35     -4.96
LYS+A0116_    11.981     0.824     0.130      0.00      0.00     -0.03     -0.00      0.11      0.44     -0.25     -1.85     -1.57
LYS+A0118_     9.028     0.726     0.145      0.00      0.00     -0.03     -0.00     -0.01      0.27     -0.08      1.23      1.37
ARG+A0120_    12.785     0.889     0.020      0.00      0.00     -0.05     -0.00     -0.00     -0.23     -0.04      0.04     -0.29
ARG+A0125_     >14.0                          0.00      0.00     -0.04     -0.01     -0.03     -0.15     -0.01     -2.04     -2.27
LYS+A0127_     9.805     0.720     0.131      0.00      0.00     -0.03     -0.00     -0.00     -0.05      0.04      0.65      0.60
LYS+A0129_    10.417     0.749     0.123      0.00      0.00     -0.03     -0.00     -0.00     -0.01      0.18     -0.15     -0.02
ARG+A0131_     >14.0                          0.00      0.00     -0.03     -0.00     -0.00     -0.18      0.28     -2.30     -2.24
ASP-A0132_     2.045     0.925     0.029      0.00     -0.10      0.10     -0.11      0.03      0.15     -0.59     -2.19     -2.71
LYS+A0134_    10.996     0.743     0.437      0.00      0.00     -0.03     -0.01     -0.00      0.23     -0.07     -0.72     -0.61
GLU-A0135_     3.047     0.947     0.020      0.00     -0.09     -0.13      0.01      0.01     -0.53     -0.16     -0.81     -1.70
LYS+A0136_    10.704     0.861     0.033      0.00      0.00     -0.03     -0.00      0.00     -0.14      0.05     -0.18     -0.30
HIS+A0142_     5.012     0.990     0.020      0.00      0.00     -0.03     -0.01     -0.02      0.81     -0.27      1.49      1.97
LYS+A0143_    11.079     0.715     0.501      0.00      0.00     -0.03     -0.01     -0.01      0.51     -0.26     -0.89     -0.69
ARG+A0145_    12.747     0.895     0.159      0.00      0.00     -0.06     -0.05     -0.01      0.59     -0.42     -0.32     -0.26
TYR-A0146_     >14.0                          0.00      0.00      0.00      0.00      0.00      6.34      1.11      2.15      9.60
HIS+A0151_     <0.0                           0.00      0.00     -0.02     -0.08     -0.09      2.64      3.38      3.41      9.24
LYS+A0152_    10.749     0.457     1.649      0.00      0.00     -0.03     -0.00     -0.01      0.13      0.12     -0.54     -0.34
TYR-A0154_    10.461     0.375     7.725      0.00      0.00      0.00      0.00      0.00      1.13     -0.36     -0.53      0.25
LYS+A0158_     <0.0                           0.00      0.00     -0.07      0.00     -0.05      6.90      2.40      5.79     14.98
LYS+A0159_    10.020     0.873     0.096      0.00      0.00     -0.03     -0.00     -0.00     -0.05      0.12      0.36      0.39
ARG+A0160_    11.663     0.828     0.399      0.00      0.00     -0.08     -0.01     -0.01      0.34      0.64     -0.05      0.82
LYS+A0161_    10.139     0.823     0.090      0.00      0.00     -0.03     -0.00     -0.00     -0.05     -0.04      0.39      0.27
LYS+A0165_     6.895     0.931     0.405      0.00      0.00     -0.06     -0.01     -0.03      1.59      0.11      1.91      3.52
LYS+A0167_    10.390     0.458     3.758      0.00      0.00     -0.03     -0.00     -0.01      0.10      0.02     -0.11     -0.02
LYS+A0169_     8.826     0.514     3.605      0.00      0.00     -0.03     -0.00     -0.01      0.10      0.13      1.44      1.62
ARG+A0171_    12.451     0.770     0.581      0.00     -0.00     -0.05     -0.01     -0.01      0.23      0.31     -0.43      0.04
HIS+A0172_     <0.0                           0.00      0.00     -0.02     -0.00     -0.06      3.16      2.35      4.20      9.63
LYS+A0175_    10.522     0.674     0.542      0.00      0.00     -0.03      0.11     -0.01      0.55     -0.81      0.07     -0.12
ASP-A0176_     2.508     0.987     0.005      0.00     -0.05      0.03     -0.12      0.02     -0.12     -0.81     -1.19     -2.25
LYS+A0183_     9.416     0.452     2.651      0.00      0.00     -0.03     -0.00     -0.01      0.09      0.13      0.80      0.98
HIS+A0184_     <0.0                           0.00      0.00     -0.02     -0.02     -0.11      5.08      2.52     10.21     17.67
TYR-A0185_     8.758     0.397    17.782      0.00      0.00      0.00      0.00      0.00      0.66     -0.05     -2.16     -1.56
ARG+A0193_    13.439     0.947     0.013      0.00      0.00     -0.04     -0.01     -0.00     -0.03     -0.67     -0.19     -0.94
ARG+A0200_    13.115     0.846     0.539      0.00     -0.00     -0.06     -0.01     -0.01      0.23      0.07     -0.84     -0.63
LYS+A0201_    10.519     0.635     0.146      0.00      0.00     -0.03     -0.00     -0.00     -0.30      0.02      0.20     -0.12
HIS+A0202_     <0.0                           0.00      0.00     -0.02     -0.02     -0.07      5.09      0.82      5.79     11.59
TYR-A0203_    10.604     0.370     9.087      0.00      0.00      0.00      0.00      0.00      1.12     -0.38     -0.34      0.39
ARG+A0207_    12.836     0.785     0.227      0.00      0.00     -0.06     -0.01     -0.00      0.07      0.01     -0.35     -0.35
LYS+A0209_    10.424     0.846     0.013      0.00      0.00     -0.03     -0.00     -0.00     -0.21      0.03      0.19     -0.02
LYS+A0212_     9.965     0.655     2.559      0.00      0.00     -0.03     -0.06     -0.03      2.83     -0.93     -1.29      0.49
ASP-A0213_     0.406     0.965     0.003      0.00     -0.00     -0.04     -0.23     -0.44      1.03     -1.85     -2.83     -4.34
LYS+A0215_    10.566     0.851     0.038      0.00      0.00     -0.03     -0.00     -0.00     -0.13      0.11     -0.12     -0.16
GLU-A0216_     <0.0                           0.00     -0.10     -0.06      0.04     -0.00      2.22     -1.52     -7.06     -6.48
LYS+A0217_    10.750     0.856     0.046      0.00      0.00     -0.03     -0.01     -0.00     -0.05     -0.17     -0.08     -0.35
ARG+A0218_     >14.0                          0.00      0.00     -0.05     -0.00     -0.02      0.15      0.46     -3.30     -2.77
ASP-A0219_     1.220     0.910     0.001      0.00     -0.00      0.03     -0.44     -0.12      2.91     -2.27     -3.63     -3.52
HIS+A0220_     <0.0                           0.00      0.00     -0.02     -0.01     -0.06      2.44      4.41      3.38     10.13
GLU-A0225_     1.552     0.844     0.305      0.00     -0.11     -0.61      0.06     -0.02      5.60     -1.07     -6.26     -2.41
LYS+A0233_    10.482     0.768     0.106      0.00      0.00     -0.03     -0.00     -0.00     -0.24      0.03      0.16     -0.08
HIS+A0234_     <0.0                           0.00      0.00     -0.03     -0.11     -0.06      0.76      5.06      3.15      8.77
ARG+A0236_    12.841     0.833     0.050      0.00      0.00     -0.05     -0.00     -0.01     -0.26      0.27     -0.30     -0.35
LYS+A0237_     9.604     0.782     0.187      0.00      0.00     -0.03     -0.00     -0.00      0.00      0.33      0.50      0.80
GLU-A0238_     1.851     0.945     0.034      0.00     -0.11     -0.19      0.04      0.02      0.21     -0.17     -2.70     -2.90
ARG+A0239_    12.898     0.832     0.061      0.00      0.00     -0.06     -0.01     -0.00     -0.13      0.05     -0.26     -0.40
TYR-A0240_     9.866     0.871     0.026      0.00      0.00      0.00      0.00      0.00      0.39      0.02     -0.75     -0.34
LYS+A0241_    10.329     0.908     0.014      0.00      0.00     -0.05     -0.00     -0.00      0.06     -0.12      0.18      0.07
